SF:lib/provider/airpods_motion_provider.dart
DA:8,1
DA:11,1
DA:15,1
DA:16,2
DA:21,2
DA:23,0
DA:24,0
LF:7
LH:5
end_of_record
SF:lib/cubit/airpods_tracker/airpods_tracker_cubit.dart
DA:9,1
DA:10,1
DA:17,1
DA:18,1
DA:19,4
DA:20,2
DA:24,1
DA:25,2
DA:26,2
DA:27,1
LF:10
LH:10
end_of_record
SF:lib/cubit/airpods_tracker/airpods_tracker_state.dart
DA:5,4
DA:13,0
DA:17,0
DA:22,1
DA:23,3
DA:27,3
DA:31,1
DA:32,1
LF:8
LH:6
end_of_record
SF:lib/utils/extensions/string_extensions.dart
DA:2,1
DA:3,1
DA:4,2
LF:3
LH:3
end_of_record
SF:lib/provider/audio_player_provider.dart
DA:5,1
DA:8,1
DA:10,2
DA:14,1
DA:16,2
LF:5
LH:5
end_of_record
SF:lib/utils/get_localized_language_name.dart
DA:213,1
DA:214,2
DA:215,1
DA:216,3
DA:217,3
DA:220,1
LF:6
LH:6
end_of_record
SF:lib/model/language.dart
DA:2,1
DA:6,0
DA:8,0
LF:3
LH:1
end_of_record
